<?xml version="1.0" encoding="utf-8" standalone="no"?>
<test-results xmlns:xsi="http://www.w3.org/2001/XMLSchema-instance" xsi:noNamespaceSchemaLocation="nunit_schema_2.5.xsd" name="Pester" total="1" errors="0" failures="0" not-run="0" inconclusive="0" ignored="0" skipped="0" invalid="0" date="2021-05-02" time="22:34:10">
  <environment clr-version="4.0.30319.42000" user-domain="DESKTOP-QIJ0A8B" cwd="D:\Repos\GitHub\KonnosPB\vsc-al-translation\Powershell" platform="Microsoft Windows 10 Pro|C:\WINDOWS|\Device\Harddisk3\Partition1" machine-name="DESKTOP-QIJ0A8B" nunit-version="2.5.8.0" os-version="10.0.19042" user="Kosta" />
  <culture-info current-culture="de-DE" current-uiculture="de-DE" />
  <test-suite type="TestFixture" name="Pester" executed="True" result="Success" success="True" time="3.1127" asserts="0" description="Pester">
    <results>
      <test-suite type="TestFixture" name="D:\Repos\GitHub\KonnosPB\vsc-al-translation\Powershell\Model.Tests.ps1" executed="True" result="Success" success="True" time="3.1127" asserts="0" description="D:\Repos\GitHub\KonnosPB\vsc-al-translation\Powershell\Model.Tests.ps1">
        <results>
          <test-suite type="TestFixture" name="TranslationFile.GetTargetLanguage" executed="True" result="Success" success="True" time="1.4473" asserts="0" description="TranslationFile.GetTargetLanguage">
            <results>
              <test-case description="Should provide target language code" name="TranslationFile.GetTargetLanguage.Should provide target language code" time="0.8928" asserts="0" success="True" result="Success" executed="True" />
            </results>
          </test-suite>
        </results>
      </test-suite>
    </results>
  </test-suite>
</test-results>